# JRE version: OpenJDK Runtime Environment Temurin-21.0.12.1+1 (21.0.12.1+1) (build 21.0.12.1+1-LTS)
# Java VM: OpenJDK 64-Bit Server VM Temurin-21.0.12.1+1 (21.0.12.1+1-LTS, mixed mode, sharing, tiered, compressed oops, compressed class ptrs, parallel gc, windows-amd64)
GC Precious Log:
 CardTable entry size: 512
 CPUs: 16 total, 16 available
 Memory: 7598M
 Large Page Support: Disabled
 NUMA Support: Disabled
 Compressed Oops: Enabled (32-bit)
 Alignments: Space 512K, Generation 512K, Heap 2M
 Heap Min Capacity: 100M
 Heap Initial Capacity: 100M
 Heap Max Capacity: 2G
 Pre-touch: Disabled
 Parallel Workers: 13
Heap:
 PSYoungGen      total 7168K, used 2248K [0x00000000d5580000, 0x00000000d5e80000, 0x0000000100000000)
  eden space 6144K, 20% used [0x00000000d5580000,0x00000000d56b3a08,0x00000000d5b80000)
  from space 1024K, 99% used [0x00000000d5d00000,0x00000000d5dfe900,0x00000000d5e00000)
  to   space 1536K, 0% used [0x00000000d5b80000,0x00000000d5b80000,0x00000000d5d00000)
 ParOldGen       total 656384K, used 117891K [0x0000000080000000, 0x00000000a8100000, 0x00000000d5580000)
  object space 656384K, 17% used [0x0000000080000000,0x0000000087320fe0,0x00000000a8100000)
 Metaspace       used 90602K, committed 92608K, reserved 1179648K
  class space    used 9394K, committed 10304K, reserved 1048576K
GC Heap History (20 events):
Event: 4166.418 GC heap before
{Heap before GC invocations=1230 (full 5):
 PSYoungGen      total 7680K, used 7521K [0x00000000d5580000, 0x00000000d5f80000, 0x0000000100000000)
  eden space 5120K, 100% used [0x00000000d5580000,0x00000000d5a80000,0x00000000d5a80000)
  from space 2560K, 93% used [0x00000000d5d00000,0x00000000d5f58740,0x00000000d5f80000)
  to   space 2560K, 0% used [0x00000000d5a80000,0x00000000d5a80000,0x00000000d5d00000)
 ParOldGen       total 656384K, used 114871K [0x0000000080000000, 0x00000000a8100000, 0x00000000d5580000)
  object space 656384K, 17% used [0x0000000080000000,0x000000008702def0,0x00000000a8100000)
 Metaspace       used 90590K, committed 92608K, reserved 1179648K
  class space    used 9392K, committed 10304K, reserved 1048576K
}
Event: 4166.422 GC heap after
{Heap after GC invocations=1230 (full 5):
 PSYoungGen      total 7680K, used 2540K [0x00000000d5580000, 0x00000000d6280000, 0x0000000100000000)
  eden space 5120K, 0% used [0x00000000d5580000,0x00000000d5580000,0x00000000d5a80000)
  from space 2560K, 99% used [0x00000000d5a80000,0x00000000d5cfb100,0x00000000d5d00000)
  to   space 3584K, 0% used [0x00000000d5f00000,0x00000000d5f00000,0x00000000d6280000)
 ParOldGen       total 656384K, used 115482K [0x0000000080000000, 0x00000000a8100000, 0x00000000d5580000)
  object space 656384K, 17% used [0x0000000080000000,0x00000000870c6b70,0x00000000a8100000)
 Metaspace       used 90590K, committed 92608K, reserved 1179648K
  class space    used 9392K, committed 10304K, reserved 1048576K
}
Event: 4172.544 GC heap before
{Heap before GC invocations=1231 (full 5):
 PSYoungGen      total 7680K, used 7660K [0x00000000d5580000, 0x00000000d6280000, 0x0000000100000000)
  eden space 5120K, 100% used [0x00000000d5580000,0x00000000d5a80000,0x00000000d5a80000)
  from space 2560K, 99% used [0x00000000d5a80000,0x00000000d5cfb100,0x00000000d5d00000)
  to   space 3584K, 0% used [0x00000000d5f00000,0x00000000d5f00000,0x00000000d6280000)
 ParOldGen       total 656384K, used 115482K [0x0000000080000000, 0x00000000a8100000, 0x00000000d5580000)
  object space 656384K, 17% used [0x0000000080000000,0x00000000870c6b70,0x00000000a8100000)
 Metaspace       used 90590K, committed 92608K, reserved 1179648K
  class space    used 9392K, committed 10304K, reserved 1048576K
}
Event: 4172.545 GC heap after
{Heap after GC invocations=1231 (full 5):
 PSYoungGen      total 6656K, used 352K [0x00000000d5580000, 0x00000000d5f80000, 0x0000000100000000)
  eden space 6144K, 0% used [0x00000000d5580000,0x00000000d5580000,0x00000000d5b80000)
  from space 512K, 68% used [0x00000000d5f00000,0x00000000d5f58000,0x00000000d5f80000)
  to   space 1536K, 0% used [0x00000000d5c80000,0x00000000d5c80000,0x00000000d5e00000)
 ParOldGen       total 656384K, used 115490K [0x0000000080000000, 0x00000000a8100000, 0x00000000d5580000)
  object space 656384K, 17% used [0x0000000080000000,0x00000000870c8b70,0x00000000a8100000)
 Metaspace       used 90590K, committed 92608K, reserved 1179648K
  class space    used 9392K, committed 10304K, reserved 1048576K
}
Event: 4176.851 GC heap before
{Heap before GC invocations=1232 (full 5):
 PSYoungGen      total 6656K, used 6496K [0x00000000d5580000, 0x00000000d5f80000, 0x0000000100000000)
  eden space 6144K, 100% used [0x00000000d5580000,0x00000000d5b80000,0x00000000d5b80000)
  from space 512K, 68% used [0x00000000d5f00000,0x00000000d5f58000,0x00000000d5f80000)
  to   space 1536K, 0% used [0x00000000d5c80000,0x00000000d5c80000,0x00000000d5e00000)
 ParOldGen       total 656384K, used 115490K [0x0000000080000000, 0x00000000a8100000, 0x00000000d5580000)
  object space 656384K, 17% used [0x0000000080000000,0x00000000870c8b70,0x00000000a8100000)
 Metaspace       used 90590K, committed 92608K, reserved 1179648K
  class space    used 9392K, committed 10304K, reserved 1048576K
}
Event: 4176.852 GC heap after
{Heap after GC invocations=1232 (full 5):
 PSYoungGen      total 7680K, used 384K [0x00000000d5580000, 0x00000000d5f80000, 0x0000000100000000)
  eden space 6144K, 0% used [0x00000000d5580000,0x00000000d5580000,0x00000000d5b80000)
  from space 1536K, 25% used [0x00000000d5c80000,0x00000000d5ce0000,0x00000000d5e00000)
  to   space 1024K, 0% used [0x00000000d5e80000,0x00000000d5e80000,0x00000000d5f80000)
 ParOldGen       total 656384K, used 115578K [0x0000000080000000, 0x00000000a8100000, 0x00000000d5580000)
  object space 656384K, 17% used [0x0000000080000000,0x00000000870deb70,0x00000000a8100000)
 Metaspace       used 90590K, committed 92608K, reserved 1179648K
  class space    used 9392K, committed 10304K, reserved 1048576K
}
Event: 4195.418 GC heap before
{Heap before GC invocations=1233 (full 5):
 PSYoungGen      total 7680K, used 6528K [0x00000000d5580000, 0x00000000d5f80000, 0x0000000100000000)
  eden space 6144K, 100% used [0x00000000d5580000,0x00000000d5b80000,0x00000000d5b80000)
  from space 1536K, 25% used [0x00000000d5c80000,0x00000000d5ce0000,0x00000000d5e00000)
  to   space 1024K, 0% used [0x00000000d5e80000,0x00000000d5e80000,0x00000000d5f80000)
 ParOldGen       total 656384K, used 115578K [0x0000000080000000, 0x00000000a8100000, 0x00000000d5580000)
  object space 656384K, 17% used [0x0000000080000000,0x00000000870deb70,0x00000000a8100000)
 Metaspace       used 90590K, committed 92608K, reserved 1179648K
  class space    used 9392K, committed 10304K, reserved 1048576K
}
Event: 4195.420 GC heap after
{Heap after GC invocations=1233 (full 5):
 PSYoungGen      total 7168K, used 672K [0x00000000d5580000, 0x00000000d5f80000, 0x0000000100000000)
  eden space 6144K, 0% used [0x00000000d5580000,0x00000000d5580000,0x00000000d5b80000)
  from space 1024K, 65% used [0x00000000d5e80000,0x00000000d5f28000,0x00000000d5f80000)
  to   space 1024K, 0% used [0x00000000d5d80000,0x00000000d5d80000,0x00000000d5e80000)
 ParOldGen       total 656384K, used 115586K [0x0000000080000000, 0x00000000a8100000, 0x00000000d5580000)
  object space 656384K, 17% used [0x0000000080000000,0x00000000870e0b70,0x00000000a8100000)
 Metaspace       used 90590K, committed 92608K, reserved 1179648K
  class space    used 9392K, committed 10304K, reserved 1048576K
}
Event: 4195.493 GC heap before
{Heap before GC invocations=1234 (full 5):
 PSYoungGen      total 7168K, used 6816K [0x00000000d5580000, 0x00000000d5f80000, 0x0000000100000000)
  eden space 6144K, 100% used [0x00000000d5580000,0x00000000d5b80000,0x00000000d5b80000)
  from space 1024K, 65% used [0x00000000d5e80000,0x00000000d5f28000,0x00000000d5f80000)
  to   space 1024K, 0% used [0x00000000d5d80000,0x00000000d5d80000,0x00000000d5e80000)
 ParOldGen       total 656384K, used 115586K [0x0000000080000000, 0x00000000a8100000, 0x00000000d5580000)
  object space 656384K, 17% used [0x0000000080000000,0x00000000870e0b70,0x00000000a8100000)
 Metaspace       used 90590K, committed 92608K, reserved 1179648K
  class space    used 9392K, committed 10304K, reserved 1048576K
}
Event: 4195.496 GC heap after
{Heap after GC invocations=1234 (full 5):
 PSYoungGen      total 7168K, used 1018K [0x00000000d5580000, 0x00000000d5f00000, 0x0000000100000000)
  eden space 6144K, 0% used [0x00000000d5580000,0x00000000d5580000,0x00000000d5b80000)
  from space 1024K, 99% used [0x00000000d5d80000,0x00000000d5e7e900,0x00000000d5e80000)
  to   space 512K, 0% used [0x00000000d5e80000,0x00000000d5e80000,0x00000000d5f00000)
 ParOldGen       total 656384K, used 115714K [0x0000000080000000, 0x00000000a8100000, 0x00000000d5580000)
  object space 656384K, 17% used [0x0000000080000000,0x0000000087100b70,0x00000000a8100000)
 Metaspace       used 90590K, committed 92608K, reserved 1179648K
  class space    used 9392K, committed 10304K, reserved 1048576K
}
Event: 4195.519 GC heap before
{Heap before GC invocations=1235 (full 5):
 PSYoungGen      total 7168K, used 7162K [0x00000000d5580000, 0x00000000d5f00000, 0x0000000100000000)
  eden space 6144K, 100% used [0x00000000d5580000,0x00000000d5b80000,0x00000000d5b80000)
  from space 1024K, 99% used [0x00000000d5d80000,0x00000000d5e7e900,0x00000000d5e80000)
  to   space 512K, 0% used [0x00000000d5e80000,0x00000000d5e80000,0x00000000d5f00000)
 ParOldGen       total 656384K, used 115714K [0x0000000080000000, 0x00000000a8100000, 0x00000000d5580000)
  object space 656384K, 17% used [0x0000000080000000,0x0000000087100b70,0x00000000a8100000)
 Metaspace       used 90590K, committed 92608K, reserved 1179648K
  class space    used 9392K, committed 10304K, reserved 1048576K
}
Event: 4195.523 GC heap after
{Heap after GC invocations=1235 (full 5):
 PSYoungGen      total 6656K, used 506K [0x00000000d5580000, 0x00000000d5f80000, 0x0000000100000000)
  eden space 6144K, 0% used [0x00000000d5580000,0x00000000d5580000,0x00000000d5b80000)
  from space 512K, 98% used [0x00000000d5e80000,0x00000000d5efe900,0x00000000d5f00000)
  to   space 2048K, 0% used [0x00000000d5b80000,0x00000000d5b80000,0x00000000d5d80000)
 ParOldGen       total 656384K, used 116944K [0x0000000080000000, 0x00000000a8100000, 0x00000000d5580000)
  object space 656384K, 17% used [0x0000000080000000,0x0000000087234318,0x00000000a8100000)
 Metaspace       used 90590K, committed 92608K, reserved 1179648K
  class space    used 9392K, committed 10304K, reserved 1048576K
}
Event: 4201.765 GC heap before
{Heap before GC invocations=1236 (full 5):
 PSYoungGen      total 6656K, used 6650K [0x00000000d5580000, 0x00000000d5f80000, 0x0000000100000000)
  eden space 6144K, 100% used [0x00000000d5580000,0x00000000d5b80000,0x00000000d5b80000)
  from space 512K, 98% used [0x00000000d5e80000,0x00000000d5efe900,0x00000000d5f00000)
  to   space 2048K, 0% used [0x00000000d5b80000,0x00000000d5b80000,0x00000000d5d80000)
 ParOldGen       total 656384K, used 116944K [0x0000000080000000, 0x00000000a8100000, 0x00000000d5580000)
  object space 656384K, 17% used [0x0000000080000000,0x0000000087234318,0x00000000a8100000)
 Metaspace       used 90591K, committed 92608K, reserved 1179648K
  class space    used 9392K, committed 10304K, reserved 1048576K
}
Event: 4201.767 GC heap after
{Heap after GC invocations=1236 (full 5):
 PSYoungGen      total 8192K, used 698K [0x00000000d5580000, 0x00000000d5f00000, 0x0000000100000000)
  eden space 6144K, 0% used [0x00000000d5580000,0x00000000d5580000,0x00000000d5b80000)
  from space 2048K, 34% used [0x00000000d5b80000,0x00000000d5c2e900,0x00000000d5d80000)
  to   space 1536K, 0% used [0x00000000d5d80000,0x00000000d5d80000,0x00000000d5f00000)
 ParOldGen       total 656384K, used 117309K [0x0000000080000000, 0x00000000a8100000, 0x00000000d5580000)
  object space 656384K, 17% used [0x0000000080000000,0x000000008728f518,0x00000000a8100000)
 Metaspace       used 90591K, committed 92608K, reserved 1179648K
  class space    used 9392K, committed 10304K, reserved 1048576K
}
Event: 4201.788 GC heap before
{Heap before GC invocations=1237 (full 5):
 PSYoungGen      total 8192K, used 6842K [0x00000000d5580000, 0x00000000d5f00000, 0x0000000100000000)
  eden space 6144K, 100% used [0x00000000d5580000,0x00000000d5b80000,0x00000000d5b80000)
  from space 2048K, 34% used [0x00000000d5b80000,0x00000000d5c2e900,0x00000000d5d80000)
  to   space 1536K, 0% used [0x00000000d5d80000,0x00000000d5d80000,0x00000000d5f00000)
 ParOldGen       total 656384K, used 117309K [0x0000000080000000, 0x00000000a8100000, 0x00000000d5580000)
  object space 656384K, 17% used [0x0000000080000000,0x000000008728f518,0x00000000a8100000)
 Metaspace       used 90593K, committed 92608K, reserved 1179648K
  class space    used 9392K, committed 10304K, reserved 1048576K
}
Event: 4201.790 GC heap after
{Heap after GC invocations=1237 (full 5):
 PSYoungGen      total 7168K, used 954K [0x00000000d5580000, 0x00000000d5e80000, 0x0000000100000000)
  eden space 6144K, 0% used [0x00000000d5580000,0x00000000d5580000,0x00000000d5b80000)
  from space 1024K, 93% used [0x00000000d5d80000,0x00000000d5e6e900,0x00000000d5e80000)
  to   space 1024K, 0% used [0x00000000d5c80000,0x00000000d5c80000,0x00000000d5d80000)
 ParOldGen       total 656384K, used 117755K [0x0000000080000000, 0x00000000a8100000, 0x00000000d5580000)
  object space 656384K, 17% used [0x0000000080000000,0x00000000872fefe0,0x00000000a8100000)
 Metaspace       used 90593K, committed 92608K, reserved 1179648K
  class space    used 9392K, committed 10304K, reserved 1048576K
}
Event: 4203.840 GC heap before
{Heap before GC invocations=1238 (full 5):
 PSYoungGen      total 7168K, used 7098K [0x00000000d5580000, 0x00000000d5e80000, 0x0000000100000000)
  eden space 6144K, 100% used [0x00000000d5580000,0x00000000d5b80000,0x00000000d5b80000)
  from space 1024K, 93% used [0x00000000d5d80000,0x00000000d5e6e900,0x00000000d5e80000)
  to   space 1024K, 0% used [0x00000000d5c80000,0x00000000d5c80000,0x00000000d5d80000)
 ParOldGen       total 656384K, used 117755K [0x0000000080000000, 0x00000000a8100000, 0x00000000d5580000)
  object space 656384K, 17% used [0x0000000080000000,0x00000000872fefe0,0x00000000a8100000)
 Metaspace       used 90594K, committed 92608K, reserved 1179648K
  class space    used 9392K, committed 10304K, reserved 1048576K
}
Event: 4203.842 GC heap after
{Heap after GC invocations=1238 (full 5):
 PSYoungGen      total 6656K, used 416K [0x00000000d5580000, 0x00000000d5e00000, 0x0000000100000000)
  eden space 6144K, 0% used [0x00000000d5580000,0x00000000d5580000,0x00000000d5b80000)
  from space 512K, 81% used [0x00000000d5c80000,0x00000000d5ce8000,0x00000000d5d00000)
  to   space 1024K, 0% used [0x00000000d5d00000,0x00000000d5d00000,0x00000000d5e00000)
 ParOldGen       total 656384K, used 117787K [0x0000000080000000, 0x00000000a8100000, 0x00000000d5580000)
  object space 656384K, 17% used [0x0000000080000000,0x0000000087306fe0,0x00000000a8100000)
 Metaspace       used 90594K, committed 92608K, reserved 1179648K
  class space    used 9392K, committed 10304K, reserved 1048576K
}
Event: 4203.873 GC heap before
{Heap before GC invocations=1239 (full 5):
 PSYoungGen      total 6656K, used 6560K [0x00000000d5580000, 0x00000000d5e00000, 0x0000000100000000)
  eden space 6144K, 100% used [0x00000000d5580000,0x00000000d5b80000,0x00000000d5b80000)
  from space 512K, 81% used [0x00000000d5c80000,0x00000000d5ce8000,0x00000000d5d00000)
  to   space 1024K, 0% used [0x00000000d5d00000,0x00000000d5d00000,0x00000000d5e00000)
 ParOldGen       total 656384K, used 117787K [0x0000000080000000, 0x00000000a8100000, 0x00000000d5580000)
  object space 656384K, 17% used [0x0000000080000000,0x0000000087306fe0,0x00000000a8100000)
 Metaspace       used 90602K, committed 92608K, reserved 1179648K
  class space    used 9394K, committed 10304K, reserved 1048576K
}
Event: 4203.875 GC heap after
{Heap after GC invocations=1239 (full 5):
 PSYoungGen      total 7168K, used 1018K [0x00000000d5580000, 0x00000000d5e80000, 0x0000000100000000)
  eden space 6144K, 0% used [0x00000000d5580000,0x00000000d5580000,0x00000000d5b80000)
  from space 1024K, 99% used [0x00000000d5d00000,0x00000000d5dfe900,0x00000000d5e00000)
  to   space 1536K, 0% used [0x00000000d5b80000,0x00000000d5b80000,0x00000000d5d00000)
 ParOldGen       total 656384K, used 117891K [0x0000000080000000, 0x00000000a8100000, 0x00000000d5580000)
  object space 656384K, 17% used [0x0000000080000000,0x0000000087320fe0,0x00000000a8100000)
 Metaspace       used 90602K, committed 92608K, reserved 1179648K
  class space    used 9394K, committed 10304K, reserved 1048576K
}

