# JRE version: OpenJDK Runtime Environment Temurin-21.0.12.1+1 (21.0.12.1+1) (build 21.0.12.1+1-LTS)
# Java VM: OpenJDK 64-Bit Server VM Temurin-21.0.12.1+1 (21.0.12.1+1-LTS, mixed mode, sharing, tiered, compressed oops, compressed class ptrs, parallel gc, windows-amd64)
GC Precious Log:
 CardTable entry size: 512
 CPUs: 16 total, 16 available
 Memory: 7598M
 Large Page Support: Disabled
 NUMA Support: Disabled
 Compressed Oops: Enabled (32-bit)
 Alignments: Space 512K, Generation 512K, Heap 2M
 Heap Min Capacity: 100M
 Heap Initial Capacity: 100M
 Heap Max Capacity: 2G
 Pre-touch: Disabled
 Parallel Workers: 13
Heap:
 PSYoungGen      total 6144K, used 353K [0x00000000d5580000, 0x00000000d5d80000, 0x0000000100000000)
  eden space 5632K, 0% used [0x00000000d5580000,0x00000000d55886b0,0x00000000d5b00000)
  from space 512K, 62% used [0x00000000d5c80000,0x00000000d5cd0000,0x00000000d5d00000)
  to   space 512K, 0% used [0x00000000d5d00000,0x00000000d5d00000,0x00000000d5d80000)
 ParOldGen       total 738816K, used 369450K [0x0000000080000000, 0x00000000ad180000, 0x00000000d5580000)
  object space 738816K, 50% used [0x0000000080000000,0x00000000968ca930,0x00000000ad180000)
 Metaspace       used 90605K, committed 92352K, reserved 1179648K
  class space    used 9227K, committed 9984K, reserved 1048576K
GC Heap History (20 events):
Event: 270083.076 GC heap before
{Heap before GC invocations=2041 (full 5):
 PSYoungGen      total 7680K, used 7660K [0x00000000d5580000, 0x00000000d6000000, 0x0000000100000000)
  eden space 5632K, 100% used [0x00000000d5580000,0x00000000d5b00000,0x00000000d5b00000)
  from space 2048K, 99% used [0x00000000d5b80000,0x00000000d5d7b100,0x00000000d5d80000)
  to   space 2560K, 0% used [0x00000000d5d80000,0x00000000d5d80000,0x00000000d6000000)
 ParOldGen       total 738816K, used 366881K [0x0000000080000000, 0x00000000ad180000, 0x00000000d5580000)
  object space 738816K, 49% used [0x0000000080000000,0x00000000966484f0,0x00000000ad180000)
 Metaspace       used 90558K, committed 92352K, reserved 1179648K
  class space    used 9227K, committed 9984K, reserved 1048576K
}
Event: 270083.078 GC heap after
{Heap after GC invocations=2041 (full 5):
 PSYoungGen      total 6144K, used 288K [0x00000000d5580000, 0x00000000d5e00000, 0x0000000100000000)
  eden space 5632K, 0% used [0x00000000d5580000,0x00000000d5580000,0x00000000d5b00000)
  from space 512K, 56% used [0x00000000d5d80000,0x00000000d5dc8000,0x00000000d5e00000)
  to   space 1024K, 0% used [0x00000000d5c00000,0x00000000d5c00000,0x00000000d5d00000)
 ParOldGen       total 738816K, used 366921K [0x0000000080000000, 0x00000000ad180000, 0x00000000d5580000)
  object space 738816K, 49% used [0x0000000080000000,0x00000000966524f0,0x00000000ad180000)
 Metaspace       used 90558K, committed 92352K, reserved 1179648K
  class space    used 9227K, committed 9984K, reserved 1048576K
}
Event: 270083.890 GC heap before
{Heap before GC invocations=2042 (full 5):
 PSYoungGen      total 6144K, used 5920K [0x00000000d5580000, 0x00000000d5e00000, 0x0000000100000000)
  eden space 5632K, 100% used [0x00000000d5580000,0x00000000d5b00000,0x00000000d5b00000)
  from space 512K, 56% used [0x00000000d5d80000,0x00000000d5dc8000,0x00000000d5e00000)
  to   space 1024K, 0% used [0x00000000d5c00000,0x00000000d5c00000,0x00000000d5d00000)
 ParOldGen       total 738816K, used 366921K [0x0000000080000000, 0x00000000ad180000, 0x00000000d5580000)
  object space 738816K, 49% used [0x0000000080000000,0x00000000966524f0,0x00000000ad180000)
 Metaspace       used 90566K, committed 92352K, reserved 1179648K
  class space    used 9227K, committed 9984K, reserved 1048576K
}
Event: 270083.892 GC heap after
{Heap after GC invocations=2042 (full 5):
 PSYoungGen      total 6656K, used 416K [0x00000000d5580000, 0x00000000d5e00000, 0x0000000100000000)
  eden space 5632K, 0% used [0x00000000d5580000,0x00000000d5580000,0x00000000d5b00000)
  from space 1024K, 40% used [0x00000000d5c00000,0x00000000d5c68000,0x00000000d5d00000)
  to   space 512K, 0% used [0x00000000d5d80000,0x00000000d5d80000,0x00000000d5e00000)
 ParOldGen       total 738816K, used 367017K [0x0000000080000000, 0x00000000ad180000, 0x00000000d5580000)
  object space 738816K, 49% used [0x0000000080000000,0x000000009666a4f0,0x00000000ad180000)
 Metaspace       used 90566K, committed 92352K, reserved 1179648K
  class space    used 9227K, committed 9984K, reserved 1048576K
}
Event: 270087.215 GC heap before
{Heap before GC invocations=2043 (full 5):
 PSYoungGen      total 6656K, used 6048K [0x00000000d5580000, 0x00000000d5e00000, 0x0000000100000000)
  eden space 5632K, 100% used [0x00000000d5580000,0x00000000d5b00000,0x00000000d5b00000)
  from space 1024K, 40% used [0x00000000d5c00000,0x00000000d5c68000,0x00000000d5d00000)
  to   space 512K, 0% used [0x00000000d5d80000,0x00000000d5d80000,0x00000000d5e00000)
 ParOldGen       total 738816K, used 367017K [0x0000000080000000, 0x00000000ad180000, 0x00000000d5580000)
  object space 738816K, 49% used [0x0000000080000000,0x000000009666a4f0,0x00000000ad180000)
 Metaspace       used 90597K, committed 92352K, reserved 1179648K
  class space    used 9227K, committed 9984K, reserved 1048576K
}
Event: 270087.216 GC heap after
{Heap after GC invocations=2043 (full 5):
 PSYoungGen      total 6144K, used 437K [0x00000000d5580000, 0x00000000d5e00000, 0x0000000100000000)
  eden space 5632K, 0% used [0x00000000d5580000,0x00000000d5580000,0x00000000d5b00000)
  from space 512K, 85% used [0x00000000d5d80000,0x00000000d5ded640,0x00000000d5e00000)
  to   space 512K, 0% used [0x00000000d5d00000,0x00000000d5d00000,0x00000000d5d80000)
 ParOldGen       total 738816K, used 367177K [0x0000000080000000, 0x00000000ad180000, 0x00000000d5580000)
  object space 738816K, 49% used [0x0000000080000000,0x00000000966927b0,0x00000000ad180000)
 Metaspace       used 90597K, committed 92352K, reserved 1179648K
  class space    used 9227K, committed 9984K, reserved 1048576K
}
Event: 270102.674 GC heap before
{Heap before GC invocations=2044 (full 5):
 PSYoungGen      total 6144K, used 6069K [0x00000000d5580000, 0x00000000d5e00000, 0x0000000100000000)
  eden space 5632K, 99% used [0x00000000d5580000,0x00000000d5afffe0,0x00000000d5b00000)
  from space 512K, 85% used [0x00000000d5d80000,0x00000000d5ded640,0x00000000d5e00000)
  to   space 512K, 0% used [0x00000000d5d00000,0x00000000d5d00000,0x00000000d5d80000)
 ParOldGen       total 738816K, used 367177K [0x0000000080000000, 0x00000000ad180000, 0x00000000d5580000)
  object space 738816K, 49% used [0x0000000080000000,0x00000000966927b0,0x00000000ad180000)
 Metaspace       used 90604K, committed 92352K, reserved 1179648K
  class space    used 9227K, committed 9984K, reserved 1048576K
}
Event: 270102.677 GC heap after
{Heap after GC invocations=2044 (full 5):
 PSYoungGen      total 6144K, used 495K [0x00000000d5580000, 0x00000000d5e00000, 0x0000000100000000)
  eden space 5632K, 0% used [0x00000000d5580000,0x00000000d5580000,0x00000000d5b00000)
  from space 512K, 96% used [0x00000000d5d00000,0x00000000d5d7bf40,0x00000000d5d80000)
  to   space 512K, 0% used [0x00000000d5d80000,0x00000000d5d80000,0x00000000d5e00000)
 ParOldGen       total 738816K, used 367373K [0x0000000080000000, 0x00000000ad180000, 0x00000000d5580000)
  object space 738816K, 49% used [0x0000000080000000,0x00000000966c36f0,0x00000000ad180000)
 Metaspace       used 90604K, committed 92352K, reserved 1179648K
  class space    used 9227K, committed 9984K, reserved 1048576K
}
Event: 270102.694 GC heap before
{Heap before GC invocations=2045 (full 5):
 PSYoungGen      total 6144K, used 6127K [0x00000000d5580000, 0x00000000d5e00000, 0x0000000100000000)
  eden space 5632K, 100% used [0x00000000d5580000,0x00000000d5b00000,0x00000000d5b00000)
  from space 512K, 96% used [0x00000000d5d00000,0x00000000d5d7bf40,0x00000000d5d80000)
  to   space 512K, 0% used [0x00000000d5d80000,0x00000000d5d80000,0x00000000d5e00000)
 ParOldGen       total 738816K, used 367373K [0x0000000080000000, 0x00000000ad180000, 0x00000000d5580000)
  object space 738816K, 49% used [0x0000000080000000,0x00000000966c36f0,0x00000000ad180000)
 Metaspace       used 90604K, committed 92352K, reserved 1179648K
  class space    used 9227K, committed 9984K, reserved 1048576K
}
Event: 270102.700 GC heap after
{Heap after GC invocations=2045 (full 5):
 PSYoungGen      total 6144K, used 512K [0x00000000d5580000, 0x00000000d5f00000, 0x0000000100000000)
  eden space 5632K, 0% used [0x00000000d5580000,0x00000000d5580000,0x00000000d5b00000)
  from space 512K, 100% used [0x00000000d5d80000,0x00000000d5e00000,0x00000000d5e00000)
  to   space 2048K, 0% used [0x00000000d5b00000,0x00000000d5b00000,0x00000000d5d00000)
 ParOldGen       total 738816K, used 368506K [0x0000000080000000, 0x00000000ad180000, 0x00000000d5580000)
  object space 738816K, 49% used [0x0000000080000000,0x00000000967de910,0x00000000ad180000)
 Metaspace       used 90604K, committed 92352K, reserved 1179648K
  class space    used 9227K, committed 9984K, reserved 1048576K
}
Event: 271919.260 GC heap before
{Heap before GC invocations=2046 (full 5):
 PSYoungGen      total 6144K, used 6144K [0x00000000d5580000, 0x00000000d5f00000, 0x0000000100000000)
  eden space 5632K, 100% used [0x00000000d5580000,0x00000000d5b00000,0x00000000d5b00000)
  from space 512K, 100% used [0x00000000d5d80000,0x00000000d5e00000,0x00000000d5e00000)
  to   space 2048K, 0% used [0x00000000d5b00000,0x00000000d5b00000,0x00000000d5d00000)
 ParOldGen       total 738816K, used 368506K [0x0000000080000000, 0x00000000ad180000, 0x00000000d5580000)
  object space 738816K, 49% used [0x0000000080000000,0x00000000967de910,0x00000000ad180000)
 Metaspace       used 90605K, committed 92352K, reserved 1179648K
  class space    used 9227K, committed 9984K, reserved 1048576K
}
Event: 271919.373 GC heap after
{Heap after GC invocations=2046 (full 5):
 PSYoungGen      total 7680K, used 416K [0x00000000d5580000, 0x00000000d5e00000, 0x0000000100000000)
  eden space 5632K, 0% used [0x00000000d5580000,0x00000000d5580000,0x00000000d5b00000)
  from space 2048K, 20% used [0x00000000d5b00000,0x00000000d5b68000,0x00000000d5d00000)
  to   space 1024K, 0% used [0x00000000d5d00000,0x00000000d5d00000,0x00000000d5e00000)
 ParOldGen       total 738816K, used 369074K [0x0000000080000000, 0x00000000ad180000, 0x00000000d5580000)
  object space 738816K, 49% used [0x0000000080000000,0x000000009686c910,0x00000000ad180000)
 Metaspace       used 90605K, committed 92352K, reserved 1179648K
  class space    used 9227K, committed 9984K, reserved 1048576K
}
Event: 271920.221 GC heap before
{Heap before GC invocations=2047 (full 5):
 PSYoungGen      total 7680K, used 6048K [0x00000000d5580000, 0x00000000d5e00000, 0x0000000100000000)
  eden space 5632K, 100% used [0x00000000d5580000,0x00000000d5b00000,0x00000000d5b00000)
  from space 2048K, 20% used [0x00000000d5b00000,0x00000000d5b68000,0x00000000d5d00000)
  to   space 1024K, 0% used [0x00000000d5d00000,0x00000000d5d00000,0x00000000d5e00000)
 ParOldGen       total 738816K, used 369074K [0x0000000080000000, 0x00000000ad180000, 0x00000000d5580000)
  object space 738816K, 49% used [0x0000000080000000,0x000000009686c910,0x00000000ad180000)
 Metaspace       used 90605K, committed 92352K, reserved 1179648K
  class space    used 9227K, committed 9984K, reserved 1048576K
}
Event: 271920.225 GC heap after
{Heap after GC invocations=2047 (full 5):
 PSYoungGen      total 6144K, used 384K [0x00000000d5580000, 0x00000000d5d80000, 0x0000000100000000)
  eden space 5632K, 0% used [0x00000000d5580000,0x00000000d5580000,0x00000000d5b00000)
  from space 512K, 75% used [0x00000000d5d00000,0x00000000d5d60020,0x00000000d5d80000)
  to   space 512K, 0% used [0x00000000d5c80000,0x00000000d5c80000,0x00000000d5d00000)
 ParOldGen       total 738816K, used 369274K [0x0000000080000000, 0x00000000ad180000, 0x00000000d5580000)
  object space 738816K, 49% used [0x0000000080000000,0x000000009689e910,0x00000000ad180000)
 Metaspace       used 90605K, committed 92352K, reserved 1179648K
  class space    used 9227K, committed 9984K, reserved 1048576K
}
Event: 271921.630 GC heap before
{Heap before GC invocations=2048 (full 5):
 PSYoungGen      total 6144K, used 6016K [0x00000000d5580000, 0x00000000d5d80000, 0x0000000100000000)
  eden space 5632K, 100% used [0x00000000d5580000,0x00000000d5b00000,0x00000000d5b00000)
  from space 512K, 75% used [0x00000000d5d00000,0x00000000d5d60020,0x00000000d5d80000)
  to   space 512K, 0% used [0x00000000d5c80000,0x00000000d5c80000,0x00000000d5d00000)
 ParOldGen       total 738816K, used 369274K [0x0000000080000000, 0x00000000ad180000, 0x00000000d5580000)
  object space 738816K, 49% used [0x0000000080000000,0x000000009689e910,0x00000000ad180000)
 Metaspace       used 90605K, committed 92352K, reserved 1179648K
  class space    used 9227K, committed 9984K, reserved 1048576K
}
Event: 271921.634 GC heap after
{Heap after GC invocations=2048 (full 5):
 PSYoungGen      total 6144K, used 416K [0x00000000d5580000, 0x00000000d5d80000, 0x0000000100000000)
  eden space 5632K, 0% used [0x00000000d5580000,0x00000000d5580000,0x00000000d5b00000)
  from space 512K, 81% used [0x00000000d5c80000,0x00000000d5ce8000,0x00000000d5d00000)
  to   space 512K, 0% used [0x00000000d5d00000,0x00000000d5d00000,0x00000000d5d80000)
 ParOldGen       total 738816K, used 369378K [0x0000000080000000, 0x00000000ad180000, 0x00000000d5580000)
  object space 738816K, 49% used [0x0000000080000000,0x00000000968b8930,0x00000000ad180000)
 Metaspace       used 90605K, committed 92352K, reserved 1179648K
  class space    used 9227K, committed 9984K, reserved 1048576K
}
Event: 271932.856 GC heap before
{Heap before GC invocations=2049 (full 5):
 PSYoungGen      total 6144K, used 6048K [0x00000000d5580000, 0x00000000d5d80000, 0x0000000100000000)
  eden space 5632K, 100% used [0x00000000d5580000,0x00000000d5b00000,0x00000000d5b00000)
  from space 512K, 81% used [0x00000000d5c80000,0x00000000d5ce8000,0x00000000d5d00000)
  to   space 512K, 0% used [0x00000000d5d00000,0x00000000d5d00000,0x00000000d5d80000)
 ParOldGen       total 738816K, used 369378K [0x0000000080000000, 0x00000000ad180000, 0x00000000d5580000)
  object space 738816K, 49% used [0x0000000080000000,0x00000000968b8930,0x00000000ad180000)
 Metaspace       used 90605K, committed 92352K, reserved 1179648K
  class space    used 9227K, committed 9984K, reserved 1048576K
}
Event: 271932.859 GC heap after
{Heap after GC invocations=2049 (full 5):
 PSYoungGen      total 6144K, used 320K [0x00000000d5580000, 0x00000000d5d80000, 0x0000000100000000)
  eden space 5632K, 0% used [0x00000000d5580000,0x00000000d5580000,0x00000000d5b00000)
  from space 512K, 62% used [0x00000000d5d00000,0x00000000d5d50000,0x00000000d5d80000)
  to   space 512K, 0% used [0x00000000d5c80000,0x00000000d5c80000,0x00000000d5d00000)
 ParOldGen       total 738816K, used 369450K [0x0000000080000000, 0x00000000ad180000, 0x00000000d5580000)
  object space 738816K, 50% used [0x0000000080000000,0x00000000968ca930,0x00000000ad180000)
 Metaspace       used 90605K, committed 92352K, reserved 1179648K
  class space    used 9227K, committed 9984K, reserved 1048576K
}
Event: 272823.637 GC heap before
{Heap before GC invocations=2050 (full 5):
 PSYoungGen      total 6144K, used 5952K [0x00000000d5580000, 0x00000000d5d80000, 0x0000000100000000)
  eden space 5632K, 100% used [0x00000000d5580000,0x00000000d5b00000,0x00000000d5b00000)
  from space 512K, 62% used [0x00000000d5d00000,0x00000000d5d50000,0x00000000d5d80000)
  to   space 512K, 0% used [0x00000000d5c80000,0x00000000d5c80000,0x00000000d5d00000)
 ParOldGen       total 738816K, used 369450K [0x0000000080000000, 0x00000000ad180000, 0x00000000d5580000)
  object space 738816K, 50% used [0x0000000080000000,0x00000000968ca930,0x00000000ad180000)
 Metaspace       used 90605K, committed 92352K, reserved 1179648K
  class space    used 9227K, committed 9984K, reserved 1048576K
}
Event: 272823.688 GC heap after
{Heap after GC invocations=2050 (full 5):
 PSYoungGen      total 6144K, used 320K [0x00000000d5580000, 0x00000000d5d80000, 0x0000000100000000)
  eden space 5632K, 0% used [0x00000000d5580000,0x00000000d5580000,0x00000000d5b00000)
  from space 512K, 62% used [0x00000000d5c80000,0x00000000d5cd0000,0x00000000d5d00000)
  to   space 512K, 0% used [0x00000000d5d00000,0x00000000d5d00000,0x00000000d5d80000)
 ParOldGen       total 738816K, used 369450K [0x0000000080000000, 0x00000000ad180000, 0x00000000d5580000)
  object space 738816K, 50% used [0x0000000080000000,0x00000000968ca930,0x00000000ad180000)
 Metaspace       used 90605K, committed 92352K, reserved 1179648K
  class space    used 9227K, committed 9984K, reserved 1048576K
}

